mode: set
github.com/larsth/rmsggpsd-gpspipe/cache/bearing.go:14.58,18.19 3 1
github.com/larsth/rmsggpsd-gpspipe/cache/bearing.go:23.2,23.14 1 1
github.com/larsth/rmsggpsd-gpspipe/cache/bearing.go:18.19,22.3 3 1
github.com/larsth/rmsggpsd-gpspipe/cache/bearing.go:26.46,31.2 3 1
github.com/larsth/rmsggpsd-gpspipe/cache/binmsg.go:17.55,29.2 7 1
github.com/larsth/rmsggpsd-gpspipe/cache/binmsg.go:31.44,34.2 1 1
github.com/larsth/rmsggpsd-gpspipe/cache/binmsg.go:36.51,40.14 3 1
github.com/larsth/rmsggpsd-gpspipe/cache/binmsg.go:44.2,44.28 1 1
github.com/larsth/rmsggpsd-gpspipe/cache/binmsg.go:50.2,50.48 1 1
github.com/larsth/rmsggpsd-gpspipe/cache/binmsg.go:57.2,57.14 1 1
github.com/larsth/rmsggpsd-gpspipe/cache/binmsg.go:40.14,42.3 1 1
github.com/larsth/rmsggpsd-gpspipe/cache/binmsg.go:44.28,48.3 2 1
github.com/larsth/rmsggpsd-gpspipe/cache/binmsg.go:50.48,54.3 2 1
github.com/larsth/rmsggpsd-gpspipe/cache/binmsg.go:60.40,65.2 3 1
